Arguments: 
  /Users/thomasjohnson/.nvm/versions/node/v15.3.0/bin/node /Users/thomasjohnson/.nvm/versions/node/v15.3.0/bin/yarn add -D @types/folktale

PATH: 
  /Users/thomasjohnson/.cabal/bin:/Users/thomasjohnson/.ghcup/bin:/Users/thomasjohnson/.pyenv/shims:/Users/thomasjohnson/.nvm/versions/node/v15.3.0/bin:/Users/thomasjohnson/.cargo/bin:/usr/local/bin:/usr/bin:/bin:/usr/sbin:/sbin:/usr/local/go/bin:/usr/local/share/dotnet:~/.dotnet/tools:/Users/thomasjohnson/.cabal/bin:/Users/thomasjohnson/.ghcup/bin:/Users/thomasjohnson/.pyenv/shims:/Users/thomasjohnson/.nvm/versions/node/v15.3.0/bin:/Users/thomasjohnson/.cargo/bin:/Users/thomasjohnson/go/bin:/Users/thomasjohnson/.dotnet/tools:/Users/thomasjohnson/go/bin:/Users/thomasjohnson/.dotnet/tools

Yarn version: 
  1.22.10

Node version: 
  15.3.0

Platform: 
  darwin x64

Trace: 
  Error: https://registry.yarnpkg.com/@types%2ffolktale: Not found
      at Request.params.callback [as _callback] (/Users/thomasjohnson/.nvm/versions/node/v15.3.0/lib/node_modules/yarn/lib/cli.js:66988:18)
      at Request.self.callback (/Users/thomasjohnson/.nvm/versions/node/v15.3.0/lib/node_modules/yarn/lib/cli.js:140662:22)
      at Request.emit (node:events:376:20)
      at Request.<anonymous> (/Users/thomasjohnson/.nvm/versions/node/v15.3.0/lib/node_modules/yarn/lib/cli.js:141634:10)
      at Request.emit (node:events:376:20)
      at IncomingMessage.<anonymous> (/Users/thomasjohnson/.nvm/versions/node/v15.3.0/lib/node_modules/yarn/lib/cli.js:141556:12)
      at Object.onceWrapper (node:events:482:28)
      at IncomingMessage.emit (node:events:388:22)
      at endReadableNT (node:internal/streams/readable:1294:12)
      at processTicksAndRejections (node:internal/process/task_queues:80:21)

npm manifest: 
  {
    "name": "advent-of-code-2020",
    "version": "1.0.0",
    "main": "index.js",
    "author": "Thomas Johnson <thomasij813@gmail.com>",
    "license": "MIT",
    "dependencies": {
      "folktale": "^2.3.2",
      "ramda": "^0.27.1",
      "rxjs": "^6.6.3"
    },
    "devDependencies": {
      "@types/node": "^14.14.10",
      "@types/ramda": "^0.27.32"
    }
  }

yarn manifest: 
  No manifest

Lockfile: 
  # THIS IS AN AUTOGENERATED FILE. DO NOT EDIT THIS FILE DIRECTLY.
  # yarn lockfile v1
  
  
  "@types/node@^14.14.10":
    version "14.14.10"
    resolved "https://registry.yarnpkg.com/@types/node/-/node-14.14.10.tgz#5958a82e41863cfc71f2307b3748e3491ba03785"
    integrity sha512-J32dgx2hw8vXrSbu4ZlVhn1Nm3GbeCFNw2FWL8S5QKucHGY0cyNwjdQdO+KMBZ4wpmC7KhLCiNsdk1RFRIYUQQ==
  
  "@types/ramda@^0.27.32":
    version "0.27.32"
    resolved "https://registry.yarnpkg.com/@types/ramda/-/ramda-0.27.32.tgz#4f62ff4fc3a41dc32dd9df3cde53861b6ee69e6f"
    integrity sha512-vdwZcWC+hlTxB//LZQLS1+VEdArImGI4yVKUpeqB8b9mBXgDFXCuQoOt8spQbi8fTyNLOdqRv6liSm2ckxWLog==
    dependencies:
      ts-toolbelt "^6.15.1"
  
  folktale@^2.3.2:
    version "2.3.2"
    resolved "https://registry.yarnpkg.com/folktale/-/folktale-2.3.2.tgz#38231b039e5ef36989920cbf805bf6b227bf4fd4"
    integrity sha512-+8GbtQBwEqutP0v3uajDDoN64K2ehmHd0cjlghhxh0WpcfPzAIjPA03e1VvHlxL02FVGR0A6lwXsNQKn3H1RNQ==
  
  ramda@^0.27.1:
    version "0.27.1"
    resolved "https://registry.yarnpkg.com/ramda/-/ramda-0.27.1.tgz#66fc2df3ef873874ffc2da6aa8984658abacf5c9"
    integrity sha512-PgIdVpn5y5Yns8vqb8FzBUEYn98V3xcPgawAkkgj0YJ0qDsnHCiNmZYfOGMgOvoB0eWFLpYbhxUR3mxfDIMvpw==
  
  rxjs@^6.6.3:
    version "6.6.3"
    resolved "https://registry.yarnpkg.com/rxjs/-/rxjs-6.6.3.tgz#8ca84635c4daa900c0d3967a6ee7ac60271ee552"
    integrity sha512-trsQc+xYYXZ3urjOiJOuCOa5N3jAZ3eiSpQB5hIT8zGlL2QfnHLJ2r7GMkBGuIausdJN1OneaI6gQlsqNHHmZQ==
    dependencies:
      tslib "^1.9.0"
  
  ts-toolbelt@^6.15.1:
    version "6.15.5"
    resolved "https://registry.yarnpkg.com/ts-toolbelt/-/ts-toolbelt-6.15.5.tgz#cb3b43ed725cb63644782c64fbcad7d8f28c0a83"
    integrity sha512-FZIXf1ksVyLcfr7M317jbB67XFJhOO1YqdTcuGaq9q5jLUoTikukZ+98TPjKiP2jC5CgmYdWWYs0s2nLSU0/1A==
  
  tslib@^1.9.0:
    version "1.14.1"
    resolved "https://registry.yarnpkg.com/tslib/-/tslib-1.14.1.tgz#cf2d38bdc34a134bcaf1091c41f6619e2f672d00"
    integrity sha512-Xni35NKzjgMrwevysHTCArtLDpPvye8zV/0E4EyYn43P7/7qvQwPh9BGkHewbMulVntbigmcT7rdX3BNo9wRJg==
